<?xml version="1.0" encoding="UTF-8" ?>
<testsuite failures="0" time="0.063" errors="0" skipped="0" tests="4" name="com.manning.junitbook.ch14.servlets.TestAdminServlet">
  <properties>
[...]
</properties>
  <testcase time="0.031" classname="com.manning.junitbook.ch14.servlets.TestAdminServlet" name="testGetCommandOk"/>
  <testcase time="0.016" classname="com.manning.junitbook.ch14.servlets.TestAdminServlet" name="testGetCommandNotDefined"/>
  <testcase time="0.016" classname="com.manning.junitbook.ch14.servlets.TestAdminServlet" name="testCallView"/>
  <testcase time="0" classname="com.manning.junitbook.ch14.servlets.TestAdminServlet" name="testDoGet"/>
</testsuite>