<?xml version="1.0" encoding="UTF-8" ?>
<testsuite errors="0" failures="0" hostname="ylong-work" name="com.manning.junitbook.ch09.ant.TestDefaultController" skipped="0" tests="5" time="0.068" timestamp="2015-03-20T03:41:10">
  <properties>
[...]
</properties>
  <testcase classname="com.manning.junitbook.ch09.ant.TestDefaultController" name="testProcessRequestAnswersErrorResponse" time="0.006" />
  <testcase classname="com.manning.junitbook.ch09.ant.TestDefaultController" name="testGetHandlerNotDefined" time="0.001" />
  <testcase classname="com.manning.junitbook.ch09.ant.TestDefaultController" name="testAddRequestDuplicateName" time="0.0" />
  <testcase classname="com.manning.junitbook.ch09.ant.TestDefaultController" name="testProcessRequest" time="0.0" />
  <testcase classname="com.manning.junitbook.ch09.ant.TestDefaultController" name="testAddHandler" time="0.0" />
  <system-out><![CDATA[]]></system-out>
  <system-err><![CDATA[]]></system-err>
</testsuite>
