<?xml version="1.0" encoding="UTF-8" ?>
<testsuites>
  <testsuite errors="0" failures="0" hostname="WM-AMS-PET" id="0" name="TestDefaultController" package="com.manning.junitbook.ch09.ant" tests="5" time="0.047" timestamp="2010-01-16T17:27:29">
      <properties>
[...]
</properties>

      <testcase classname="com.manning.junitbook.ch09.ant.TestDefaultController" name="testAddHandler" time="0.0" />

      <testcase classname="com.manning.junitbook.ch09.ant.TestDefaultController" name="testProcessRequest" time="0.0" />

      <testcase classname="com.manning.junitbook.ch09.ant.TestDefaultController" name="testProcessRequestAnswersErrorResponse" time="0.0" />

      <testcase classname="com.manning.junitbook.ch09.ant.TestDefaultController" name="testGetHandlerNotDefined" time="0.0" />

      <testcase classname="com.manning.junitbook.ch09.ant.TestDefaultController" name="testAddRequestDuplicateName" time="0.0" />

      <system-out />

      <system-err />

  </testsuite>
</testsuites>
